[debug] [2025-06-22T08:21:14.967Z] ----------------------------------------------------------------------
[debug] [2025-06-22T08:21:15.020Z] Command:       C:\Program Files\nodejs\node.exe C:\Users\Syamimi Suhaimi\AppData\Roaming\npm\node_modules\firebase-tools\lib\bin\firebase.js init
[debug] [2025-06-22T08:21:15.021Z] CLI Version:   14.8.0
[debug] [2025-06-22T08:21:15.022Z] Platform:      win32
[debug] [2025-06-22T08:21:15.023Z] Node Version:  v22.16.0
[debug] [2025-06-22T08:21:15.026Z] Time:          Sun Jun 22 2025 16:21:15 GMT+0800 (Singapore Standard Time)
[debug] [2025-06-22T08:21:15.026Z] ----------------------------------------------------------------------
[debug] 
[debug] [2025-06-22T08:21:15.065Z] > command requires scopes: ["email","openid","https://www.googleapis.com/auth/cloudplatformprojects.readonly","https://www.googleapis.com/auth/firebase","https://www.googleapis.com/auth/cloud-platform"]
[debug] [2025-06-22T08:21:15.066Z] > authorizing via signed-in user (hdytlsyamimi@gmail.com)
[info] 
     ######## #### ########  ######## ########     ###     ######  ########
     ##        ##  ##     ## ##       ##     ##  ##   ##  ##       ##
     ######    ##  ########  ######   ########  #########  ######  ######
     ##        ##  ##    ##  ##       ##     ## ##     ##       ## ##
     ##       #### ##     ## ######## ########  ##     ##  ######  ########

You're about to initialize a Firebase project in this directory:

  C:\Users\Syamimi Suhaimi\Documents\VSCode

[info] 
=== Project Setup
[info] 
[info] First, let's associate this project directory with a Firebase project.
[info] You can create multiple project aliases by running firebase use --add, 
[info] but for now we'll just set up a default project.
[info] 
[debug] [2025-06-22T08:23:06.552Z] Checked if tokens are valid: true, expires at: 1750583901863
[debug] [2025-06-22T08:23:06.553Z] Checked if tokens are valid: true, expires at: 1750583901863
[debug] [2025-06-22T08:23:06.556Z] >>> [apiv2][query] GET https://firebase.googleapis.com/v1beta1/projects pageSize=100
[debug] [2025-06-22T08:23:07.422Z] <<< [apiv2][status] GET https://firebase.googleapis.com/v1beta1/projects 200
[debug] [2025-06-22T08:23:07.422Z] <<< [apiv2][body] GET https://firebase.googleapis.com/v1beta1/projects [omitted]
[info] i  Using project fyp-ai-3a972 (FYP-AI) 
[info] 
=== Hosting Setup
[debug] [2025-06-22T08:23:10.872Z] Checked if tokens are valid: true, expires at: 1750583901863
[debug] [2025-06-22T08:23:10.872Z] Checked if tokens are valid: true, expires at: 1750583901863
[debug] [2025-06-22T08:23:10.873Z] >>> [apiv2][query] GET https://firebase.googleapis.com/v1beta1/projects/fyp-ai-3a972 [none]
[debug] [2025-06-22T08:23:11.286Z] <<< [apiv2][status] GET https://firebase.googleapis.com/v1beta1/projects/fyp-ai-3a972 200
[debug] [2025-06-22T08:23:11.287Z] <<< [apiv2][body] GET https://firebase.googleapis.com/v1beta1/projects/fyp-ai-3a972 {"projectId":"fyp-ai-3a972","projectNumber":"1095317736019","displayName":"FYP-AI","name":"projects/fyp-ai-3a972","resources":{"hostingSite":"fyp-ai-3a972"},"state":"ACTIVE","etag":"1_fa608dd8-b6a6-440b-a990-c0f64861bfca"}
[info] 
[info] Your public directory is the folder (relative to your project directory) that
[info] will contain Hosting assets to be uploaded with firebase deploy. If you
[info] have a build process for your assets, use your build's output directory.
[info] 
